# JRE version: Java(TM) SE Runtime Environment (8.0_281-b09) (build 1.8.0_281-b09)
# Java VM: Java HotSpot(TM) 64-Bit Server VM (25.281-b09 mixed mode windows-amd64 compressed oops)
Heap:
 PSYoungGen      total 73728K, used 27144K [0x000000076e180000, 0x0000000777180000, 0x00000007c0000000)
  eden space 63488K, 26% used [0x000000076e180000,0x000000076f2083d0,0x0000000771f80000)
  from space 10240K, 99% used [0x0000000772980000,0x000000077337a020,0x0000000773380000)
  to   space 10240K, 0% used [0x0000000771f80000,0x0000000771f80000,0x0000000772980000)
 ParOldGen       total 167936K, used 2436K [0x00000006ca400000, 0x00000006d4800000, 0x000000076e180000)
  object space 167936K, 1% used [0x00000006ca400000,0x00000006ca661170,0x00000006d4800000)
 Metaspace       used 14849K, capacity 15136K, committed 15232K, reserved 1062912K
  class space    used 1785K, capacity 1887K, committed 1920K, reserved 1048576K
GC Heap History (4 events):
Event: 0.636 GC heap before
{Heap before GC invocations=1 (full 0):
 PSYoungGen      total 73728K, used 63488K [0x000000076e180000, 0x0000000773380000, 0x00000007c0000000)
  eden space 63488K, 100% used [0x000000076e180000,0x0000000771f80000,0x0000000771f80000)
  from space 10240K, 0% used [0x0000000772980000,0x0000000772980000,0x0000000773380000)
  to   space 10240K, 0% used [0x0000000771f80000,0x0000000771f80000,0x0000000772980000)
 ParOldGen       total 167936K, used 0K [0x00000006ca400000, 0x00000006d4800000, 0x000000076e180000)
  object space 167936K, 0% used [0x00000006ca400000,0x00000006ca400000,0x00000006d4800000)
 Metaspace       used 11518K, capacity 11710K, committed 11776K, reserved 1058816K
  class space    used 1450K, capacity 1514K, committed 1536K, reserved 1048576K
Event: 0.642 GC heap after
Heap after GC invocations=1 (full 0):
 PSYoungGen      total 73728K, used 10147K [0x000000076e180000, 0x0000000773380000, 0x00000007c0000000)
  eden space 63488K, 0% used [0x000000076e180000,0x000000076e180000,0x0000000771f80000)
  from space 10240K, 99% used [0x0000000771f80000,0x0000000772968d38,0x0000000772980000)
  to   space 10240K, 0% used [0x0000000772980000,0x0000000772980000,0x0000000773380000)
 ParOldGen       total 167936K, used 16K [0x00000006ca400000, 0x00000006d4800000, 0x000000076e180000)
  object space 167936K, 0% used [0x00000006ca400000,0x00000006ca404000,0x00000006d4800000)
 Metaspace       used 11518K, capacity 11710K, committed 11776K, reserved 1058816K
  class space    used 1450K, capacity 1514K, committed 1536K, reserved 1048576K
}
Event: 1.141 GC heap before
{Heap before GC invocations=2 (full 0):
 PSYoungGen      total 73728K, used 73635K [0x000000076e180000, 0x0000000773380000, 0x00000007c0000000)
  eden space 63488K, 100% used [0x000000076e180000,0x0000000771f80000,0x0000000771f80000)
  from space 10240K, 99% used [0x0000000771f80000,0x0000000772968d38,0x0000000772980000)
  to   space 10240K, 0% used [0x0000000772980000,0x0000000772980000,0x0000000773380000)
 ParOldGen       total 167936K, used 16K [0x00000006ca400000, 0x00000006d4800000, 0x000000076e180000)
  object space 167936K, 0% used [0x00000006ca400000,0x00000006ca404000,0x00000006d4800000)
 Metaspace       used 14638K, capacity 14912K, committed 15232K, reserved 1062912K
  class space    used 1769K, capacity 1855K, committed 1920K, reserved 1048576K
Event: 1.149 GC heap after
Heap after GC invocations=2 (full 0):
 PSYoungGen      total 73728K, used 10216K [0x000000076e180000, 0x0000000777180000, 0x00000007c0000000)
  eden space 63488K, 0% used [0x000000076e180000,0x000000076e180000,0x0000000771f80000)
  from space 10240K, 99% used [0x0000000772980000,0x000000077337a020,0x0000000773380000)
  to   space 10240K, 0% used [0x0000000771f80000,0x0000000771f80000,0x0000000772980000)
 ParOldGen       total 167936K, used 2436K [0x00000006ca400000, 0x00000006d4800000, 0x000000076e180000)
  object space 167936K, 1% used [0x00000006ca400000,0x00000006ca661170,0x00000006d4800000)
 Metaspace       used 14638K, capacity 14912K, committed 15232K, reserved 1062912K
  class space    used 1769K, capacity 1855K, committed 1920K, reserved 1048576K
}

